<?xml version="1.0" encoding="UTF-8" ?>
<testsuite failures="0" time="1.93" errors="1" skipped="2" tests="3" name="service.seo.url.HttpRequestServiceTest">
  <properties>
    <property name="java.runtime.name" value="Java(TM) SE Runtime Environment"/>
    <property name="sun.boot.library.path" value="/usr/local/java/jdk1.7.0_71/jre/lib/amd64"/>
    <property name="java.vm.version" value="24.71-b01"/>
    <property name="java.vm.vendor" value="Oracle Corporation"/>
    <property name="java.vendor.url" value="http://java.oracle.com/"/>
    <property name="path.separator" value=":"/>
    <property name="guice.disable.misplaced.annotation.check" value="true"/>
    <property name="java.vm.name" value="Java HotSpot(TM) 64-Bit Server VM"/>
    <property name="file.encoding.pkg" value="sun.io"/>
    <property name="user.country" value="BE"/>
    <property name="sun.java.launcher" value="SUN_STANDARD"/>
    <property name="sun.os.patch.level" value="unknown"/>
    <property name="java.vm.specification.name" value="Java Virtual Machine Specification"/>
    <property name="user.dir" value="/home/demaz/dev/repo-git-urlscanner"/>
    <property name="java.runtime.version" value="1.7.0_71-b14"/>
    <property name="java.awt.graphicsenv" value="sun.awt.X11GraphicsEnvironment"/>
    <property name="java.endorsed.dirs" value="/usr/local/java/jdk1.7.0_71/jre/lib/endorsed"/>
    <property name="os.arch" value="amd64"/>
    <property name="java.io.tmpdir" value="/tmp"/>
    <property name="line.separator" value="
"/>
    <property name="java.vm.specification.vendor" value="Oracle Corporation"/>
    <property name="os.name" value="Linux"/>
    <property name="classworlds.conf" value="/usr/share/maven/bin/m2.conf"/>
    <property name="sun.jnu.encoding" value="UTF-8"/>
    <property name="java.library.path" value="/usr/java/packages/lib/amd64:/usr/lib64:/lib64:/lib:/usr/lib"/>
    <property name="java.specification.name" value="Java Platform API Specification"/>
    <property name="java.class.version" value="51.0"/>
    <property name="sun.management.compiler" value="HotSpot 64-Bit Tiered Compilers"/>
    <property name="os.version" value="3.13.0-37-generic"/>
    <property name="user.home" value="/home/demaz"/>
    <property name="user.timezone" value="Europe/Brussels"/>
    <property name="java.awt.printerjob" value="sun.print.PSPrinterJob"/>
    <property name="file.encoding" value="UTF-8"/>
    <property name="java.specification.version" value="1.7"/>
    <property name="user.name" value="demaz"/>
    <property name="java.class.path" value="/usr/share/maven/boot/plexus-classworlds-2.x.jar"/>
    <property name="java.vm.specification.version" value="1.7"/>
    <property name="sun.arch.data.model" value="64"/>
    <property name="java.home" value="/usr/local/java/jdk1.7.0_71/jre"/>
    <property name="sun.java.command" value="org.codehaus.plexus.classworlds.launcher.Launcher clean install"/>
    <property name="java.specification.vendor" value="Oracle Corporation"/>
    <property name="user.language" value="fr"/>
    <property name="awt.toolkit" value="sun.awt.X11.XToolkit"/>
    <property name="java.vm.info" value="mixed mode"/>
    <property name="java.version" value="1.7.0_71"/>
    <property name="java.ext.dirs" value="/usr/local/java/jdk1.7.0_71/jre/lib/ext:/usr/java/packages/lib/ext"/>
    <property name="securerandom.source" value="file:/dev/./urandom"/>
    <property name="sun.boot.class.path" value="/usr/local/java/jdk1.7.0_71/jre/lib/resources.jar:/usr/local/java/jdk1.7.0_71/jre/lib/rt.jar:/usr/local/java/jdk1.7.0_71/jre/lib/sunrsasign.jar:/usr/local/java/jdk1.7.0_71/jre/lib/jsse.jar:/usr/local/java/jdk1.7.0_71/jre/lib/jce.jar:/usr/local/java/jdk1.7.0_71/jre/lib/charsets.jar:/usr/local/java/jdk1.7.0_71/jre/lib/jfr.jar:/usr/local/java/jdk1.7.0_71/jre/classes"/>
    <property name="java.vendor" value="Oracle Corporation"/>
    <property name="maven.home" value="/usr/share/maven"/>
    <property name="file.separator" value="/"/>
    <property name="java.vendor.url.bug" value="http://bugreport.sun.com/bugreport/"/>
    <property name="sun.cpu.endian" value="little"/>
    <property name="sun.io.unicode.encoding" value="UnicodeLittle"/>
    <property name="sun.desktop" value="gnome"/>
    <property name="sun.cpu.isalist" value=""/>
  </properties>
  <testcase time="1.817" classname="service.seo.url.HttpRequestServiceTest" name="doFullRequestTest">
    <skipped/>
  </testcase>
  <testcase time="1.818" classname="service.seo.url.HttpRequestServiceTest" name="mergeBddUrlfromSitemapForStatsTest">
    <skipped/>
  </testcase>
  <testcase time="1.651" classname="service.seo.url.HttpRequestServiceTest" name="analyzeUrlTest">
    <error message="java.lang.Integer cannot be cast to java.lang.String" type="java.lang.ClassCastException">java.lang.ClassCastException: java.lang.Integer cannot be cast to java.lang.String
	at seo.scanner.dataService.ProjetService.getEventsToDo(ProjetService.java:410)
	at service.seo.url.HttpRequestService.doEvent(HttpRequestService.java:81)
	at service.seo.url.HttpRequestServiceTest.analyzeUrlTest(HttpRequestServiceTest.java:66)
	at sun.reflect.NativeMethodAccessorImpl.invoke0(Native Method)
	at sun.reflect.NativeMethodAccessorImpl.invoke(NativeMethodAccessorImpl.java:57)
	at sun.reflect.DelegatingMethodAccessorImpl.invoke(DelegatingMethodAccessorImpl.java:43)
	at java.lang.reflect.Method.invoke(Method.java:606)
	at org.junit.runners.model.FrameworkMethod$1.runReflectiveCall(FrameworkMethod.java:47)
	at org.junit.internal.runners.model.ReflectiveCallable.run(ReflectiveCallable.java:12)
	at org.junit.runners.model.FrameworkMethod.invokeExplosively(FrameworkMethod.java:44)
	at org.junit.internal.runners.statements.InvokeMethod.evaluate(InvokeMethod.java:17)
	at org.junit.internal.runners.statements.RunBefores.evaluate(RunBefores.java:26)
	at org.junit.runners.ParentRunner.runLeaf(ParentRunner.java:271)
	at org.junit.runners.BlockJUnit4ClassRunner.runChild(BlockJUnit4ClassRunner.java:70)
	at org.junit.runners.BlockJUnit4ClassRunner.runChild(BlockJUnit4ClassRunner.java:50)
	at org.junit.runners.ParentRunner$3.run(ParentRunner.java:238)
	at org.junit.runners.ParentRunner$1.schedule(ParentRunner.java:63)
	at org.junit.runners.ParentRunner.runChildren(ParentRunner.java:236)
	at org.junit.runners.ParentRunner.access$000(ParentRunner.java:53)
	at org.junit.runners.ParentRunner$2.evaluate(ParentRunner.java:229)
	at org.junit.runners.ParentRunner.run(ParentRunner.java:309)
	at org.mockito.internal.runners.JUnit45AndHigherRunnerImpl.run(JUnit45AndHigherRunnerImpl.java:37)
	at org.mockito.runners.MockitoJUnitRunner.run(MockitoJUnitRunner.java:62)
	at org.apache.maven.surefire.junit4.JUnit4TestSet.execute(JUnit4TestSet.java:53)
	at org.apache.maven.surefire.junit4.JUnit4Provider.executeTestSet(JUnit4Provider.java:123)
	at org.apache.maven.surefire.junit4.JUnit4Provider.invoke(JUnit4Provider.java:104)
	at sun.reflect.NativeMethodAccessorImpl.invoke0(Native Method)
	at sun.reflect.NativeMethodAccessorImpl.invoke(NativeMethodAccessorImpl.java:57)
	at sun.reflect.DelegatingMethodAccessorImpl.invoke(DelegatingMethodAccessorImpl.java:43)
	at java.lang.reflect.Method.invoke(Method.java:606)
	at org.apache.maven.surefire.util.ReflectionUtils.invokeMethodWithArray(ReflectionUtils.java:164)
	at org.apache.maven.surefire.booter.ProviderFactory$ProviderProxy.invoke(ProviderFactory.java:110)
	at org.apache.maven.surefire.booter.SurefireStarter.invokeProvider(SurefireStarter.java:175)
	at org.apache.maven.surefire.booter.SurefireStarter.runSuitesInProcessWhenForked(SurefireStarter.java:107)
	at org.apache.maven.surefire.booter.ForkedBooter.main(ForkedBooter.java:68)
</error>
    <system-err>oct. 21, 2014 9:34:42 PM org.springframework.context.support.AbstractApplicationContext prepareRefresh
INFOS: Refreshing org.springframework.context.support.ClassPathXmlApplicationContext@8cc1102: display name [org.springframework.context.support.ClassPathXmlApplicationContext@8cc1102]; startup date [Tue Oct 21 21:34:42 CEST 2014]; root of context hierarchy
oct. 21, 2014 9:34:42 PM org.springframework.beans.factory.xml.XmlBeanDefinitionReader loadBeanDefinitions
INFOS: Loading XML bean definitions from class path resource [urlscannerContext.xml]
oct. 21, 2014 9:34:42 PM org.springframework.beans.factory.xml.XmlBeanDefinitionReader loadBeanDefinitions
INFOS: Loading XML bean definitions from class path resource [applicationContext.xml]
oct. 21, 2014 9:34:42 PM org.springframework.context.support.AbstractApplicationContext obtainFreshBeanFactory
INFOS: Bean factory for application context [org.springframework.context.support.ClassPathXmlApplicationContext@8cc1102]: org.springframework.beans.factory.support.DefaultListableBeanFactory@14ea1f1d
oct. 21, 2014 9:34:42 PM org.springframework.beans.factory.support.DefaultListableBeanFactory preInstantiateSingletons
INFOS: Pre-instantiating singletons in org.springframework.beans.factory.support.DefaultListableBeanFactory@14ea1f1d: defining beans [org.springframework.context.annotation.internalPersistenceAnnotationProcessor,org.springframework.context.annotation.internalCommonAnnotationProcessor,org.springframework.context.annotation.internalAutowiredAnnotationProcessor,org.springframework.context.annotation.internalRequiredAnnotationProcessor,projetService,httpRequestService,urlCheckDaoService,dataSource]; root of factory hierarchy
oct. 21, 2014 9:34:42 PM org.springframework.jdbc.datasource.DriverManagerDataSource setDriverClassName
INFOS: Loaded JDBC driver: org.postgresql.Driver
</system-err>
  </testcase>
</testsuite>