<?xml version="1.0" encoding="UTF-8" ?>
<testsuite tests="3" failures="0" name="service.seo.url.HttpRequestServiceTest" time="1.19" errors="1" skipped="2">
  <properties>
    <property name="java.runtime.name" value="Java(TM) SE Runtime Environment"/>
    <property name="sun.boot.library.path" value="/usr/local/java/jdk1.8.0_05/jre/lib/amd64"/>
    <property name="java.vm.version" value="25.5-b02"/>
    <property name="java.vm.vendor" value="Oracle Corporation"/>
    <property name="java.vendor.url" value="http://java.oracle.com/"/>
    <property name="path.separator" value=":"/>
    <property name="guice.disable.misplaced.annotation.check" value="true"/>
    <property name="java.vm.name" value="Java HotSpot(TM) 64-Bit Server VM"/>
    <property name="file.encoding.pkg" value="sun.io"/>
    <property name="user.country" value="BE"/>
    <property name="sun.java.launcher" value="SUN_STANDARD"/>
    <property name="sun.os.patch.level" value="unknown"/>
    <property name="java.vm.specification.name" value="Java Virtual Machine Specification"/>
    <property name="user.dir" value="/home/demaz/dev/repo-git-urlscanner"/>
    <property name="java.runtime.version" value="1.8.0_05-b13"/>
    <property name="java.awt.graphicsenv" value="sun.awt.X11GraphicsEnvironment"/>
    <property name="java.endorsed.dirs" value="/usr/local/java/jdk1.8.0_05/jre/lib/endorsed"/>
    <property name="os.arch" value="amd64"/>
    <property name="java.io.tmpdir" value="/tmp"/>
    <property name="line.separator" value="
"/>
    <property name="java.vm.specification.vendor" value="Oracle Corporation"/>
    <property name="os.name" value="Linux"/>
    <property name="classworlds.conf" value="/usr/share/maven/bin/m2.conf"/>
    <property name="sun.jnu.encoding" value="UTF-8"/>
    <property name="java.library.path" value="/usr/java/packages/lib/amd64:/usr/lib64:/lib64:/lib:/usr/lib"/>
    <property name="java.specification.name" value="Java Platform API Specification"/>
    <property name="java.class.version" value="52.0"/>
    <property name="sun.management.compiler" value="HotSpot 64-Bit Tiered Compilers"/>
    <property name="os.version" value="3.13.0-24-generic"/>
    <property name="user.home" value="/home/demaz"/>
    <property name="user.timezone" value="Europe/Brussels"/>
    <property name="java.awt.printerjob" value="sun.print.PSPrinterJob"/>
    <property name="file.encoding" value="UTF-8"/>
    <property name="java.specification.version" value="1.8"/>
    <property name="user.name" value="demaz"/>
    <property name="java.class.path" value="/usr/share/maven/boot/plexus-classworlds-2.x.jar"/>
    <property name="java.vm.specification.version" value="1.8"/>
    <property name="sun.arch.data.model" value="64"/>
    <property name="java.home" value="/usr/local/java/jdk1.8.0_05/jre"/>
    <property name="sun.java.command" value="org.codehaus.plexus.classworlds.launcher.Launcher clean install"/>
    <property name="java.specification.vendor" value="Oracle Corporation"/>
    <property name="user.language" value="fr"/>
    <property name="awt.toolkit" value="sun.awt.X11.XToolkit"/>
    <property name="java.vm.info" value="mixed mode"/>
    <property name="java.version" value="1.8.0_05"/>
    <property name="java.ext.dirs" value="/usr/local/java/jdk1.8.0_05/jre/lib/ext:/usr/java/packages/lib/ext"/>
    <property name="securerandom.source" value="file:/dev/./urandom"/>
    <property name="sun.boot.class.path" value="/usr/local/java/jdk1.8.0_05/jre/lib/resources.jar:/usr/local/java/jdk1.8.0_05/jre/lib/rt.jar:/usr/local/java/jdk1.8.0_05/jre/lib/sunrsasign.jar:/usr/local/java/jdk1.8.0_05/jre/lib/jsse.jar:/usr/local/java/jdk1.8.0_05/jre/lib/jce.jar:/usr/local/java/jdk1.8.0_05/jre/lib/charsets.jar:/usr/local/java/jdk1.8.0_05/jre/lib/jfr.jar:/usr/local/java/jdk1.8.0_05/jre/classes"/>
    <property name="java.vendor" value="Oracle Corporation"/>
    <property name="maven.home" value="/usr/share/maven"/>
    <property name="file.separator" value="/"/>
    <property name="java.vendor.url.bug" value="http://bugreport.sun.com/bugreport/"/>
    <property name="sun.cpu.endian" value="little"/>
    <property name="sun.io.unicode.encoding" value="UnicodeLittle"/>
    <property name="sun.desktop" value="gnome"/>
    <property name="sun.cpu.isalist" value=""/>
  </properties>
  <testcase classname="service.seo.url.HttpRequestServiceTest" name="doFullRequestTest" time="0.622">
    <skipped/>
  </testcase>
  <testcase classname="service.seo.url.HttpRequestServiceTest" name="mergeBddUrlfromSitemapForStatsTest" time="0.622">
    <skipped/>
  </testcase>
  <testcase classname="service.seo.url.HttpRequestServiceTest" name="analyzeUrlTest" time="1.022">
    <error message="Could not get JDBC Connection; nested exception is org.postgresql.util.PSQLException: Connexion refusée. Vérifiez que le nom de machine et le port sont corrects et que postmaster accepte les connexions TCP/IP." type="org.springframework.jdbc.CannotGetJdbcConnectionException">org.springframework.jdbc.CannotGetJdbcConnectionException: Could not get JDBC Connection; nested exception is org.postgresql.util.PSQLException: Connexion refusée. Vérifiez que le nom de machine et le port sont corrects et que postmaster accepte les connexions TCP/IP.
	at org.springframework.jdbc.datasource.DataSourceUtils.getConnection(DataSourceUtils.java:82)
	at org.springframework.jdbc.core.JdbcTemplate.execute(JdbcTemplate.java:382)
	at org.springframework.jdbc.core.JdbcTemplate.query(JdbcTemplate.java:458)
	at org.springframework.jdbc.core.JdbcTemplate.query(JdbcTemplate.java:466)
	at org.springframework.jdbc.core.JdbcTemplate.queryForList(JdbcTemplate.java:497)
	at service.seo.dao.UrlCheckDaoService.getCurrentUrlToCheck(UrlCheckDaoService.java:52)
	at service.seo.url.HttpRequestService.mergeBddUrlfromSitemapForStats(HttpRequestService.java:127)
	at service.seo.url.HttpRequestService.analyzeUrl(HttpRequestService.java:75)
	at service.seo.url.HttpRequestServiceTest.analyzeUrlTest(HttpRequestServiceTest.java:66)
	at sun.reflect.NativeMethodAccessorImpl.invoke0(Native Method)
	at sun.reflect.NativeMethodAccessorImpl.invoke(NativeMethodAccessorImpl.java:62)
	at sun.reflect.DelegatingMethodAccessorImpl.invoke(DelegatingMethodAccessorImpl.java:43)
	at java.lang.reflect.Method.invoke(Method.java:483)
	at org.junit.runners.model.FrameworkMethod$1.runReflectiveCall(FrameworkMethod.java:47)
	at org.junit.internal.runners.model.ReflectiveCallable.run(ReflectiveCallable.java:12)
	at org.junit.runners.model.FrameworkMethod.invokeExplosively(FrameworkMethod.java:44)
	at org.junit.internal.runners.statements.InvokeMethod.evaluate(InvokeMethod.java:17)
	at org.junit.internal.runners.statements.RunBefores.evaluate(RunBefores.java:26)
	at org.junit.runners.ParentRunner.runLeaf(ParentRunner.java:271)
	at org.junit.runners.BlockJUnit4ClassRunner.runChild(BlockJUnit4ClassRunner.java:70)
	at org.junit.runners.BlockJUnit4ClassRunner.runChild(BlockJUnit4ClassRunner.java:50)
	at org.junit.runners.ParentRunner$3.run(ParentRunner.java:238)
	at org.junit.runners.ParentRunner$1.schedule(ParentRunner.java:63)
	at org.junit.runners.ParentRunner.runChildren(ParentRunner.java:236)
	at org.junit.runners.ParentRunner.access$000(ParentRunner.java:53)
	at org.junit.runners.ParentRunner$2.evaluate(ParentRunner.java:229)
	at org.junit.runners.ParentRunner.run(ParentRunner.java:309)
	at org.mockito.internal.runners.JUnit45AndHigherRunnerImpl.run(JUnit45AndHigherRunnerImpl.java:37)
	at org.mockito.runners.MockitoJUnitRunner.run(MockitoJUnitRunner.java:62)
	at org.apache.maven.surefire.junit4.JUnit4TestSet.execute(JUnit4TestSet.java:53)
	at org.apache.maven.surefire.junit4.JUnit4Provider.executeTestSet(JUnit4Provider.java:123)
	at org.apache.maven.surefire.junit4.JUnit4Provider.invoke(JUnit4Provider.java:104)
	at sun.reflect.NativeMethodAccessorImpl.invoke0(Native Method)
	at sun.reflect.NativeMethodAccessorImpl.invoke(NativeMethodAccessorImpl.java:62)
	at sun.reflect.DelegatingMethodAccessorImpl.invoke(DelegatingMethodAccessorImpl.java:43)
	at java.lang.reflect.Method.invoke(Method.java:483)
	at org.apache.maven.surefire.util.ReflectionUtils.invokeMethodWithArray(ReflectionUtils.java:164)
	at org.apache.maven.surefire.booter.ProviderFactory$ProviderProxy.invoke(ProviderFactory.java:110)
	at org.apache.maven.surefire.booter.SurefireStarter.invokeProvider(SurefireStarter.java:175)
	at org.apache.maven.surefire.booter.SurefireStarter.runSuitesInProcessWhenForked(SurefireStarter.java:107)
	at org.apache.maven.surefire.booter.ForkedBooter.main(ForkedBooter.java:68)
Caused by: org.postgresql.util.PSQLException: Connexion refusée. Vérifiez que le nom de machine et le port sont corrects et que postmaster accepte les connexions TCP/IP.
	at org.postgresql.core.v3.ConnectionFactoryImpl.openConnectionImpl(ConnectionFactoryImpl.java:136)
	at org.postgresql.core.ConnectionFactory.openConnection(ConnectionFactory.java:66)
	at org.postgresql.jdbc2.AbstractJdbc2Connection.&lt;init&gt;(AbstractJdbc2Connection.java:125)
	at org.postgresql.jdbc3.AbstractJdbc3Connection.&lt;init&gt;(AbstractJdbc3Connection.java:30)
	at org.postgresql.jdbc3g.AbstractJdbc3gConnection.&lt;init&gt;(AbstractJdbc3gConnection.java:22)
	at org.postgresql.jdbc4.AbstractJdbc4Connection.&lt;init&gt;(AbstractJdbc4Connection.java:30)
	at org.postgresql.jdbc4.Jdbc4Connection.&lt;init&gt;(Jdbc4Connection.java:24)
	at org.postgresql.Driver.makeConnection(Driver.java:393)
	at org.postgresql.Driver.connect(Driver.java:267)
	at java.sql.DriverManager.getConnection(DriverManager.java:664)
	at java.sql.DriverManager.getConnection(DriverManager.java:208)
	at org.springframework.jdbc.datasource.DriverManagerDataSource.getConnectionFromDriverManager(DriverManagerDataSource.java:174)
	at org.springframework.jdbc.datasource.DriverManagerDataSource.getConnectionFromDriver(DriverManagerDataSource.java:165)
	at org.springframework.jdbc.datasource.AbstractDriverBasedDataSource.getConnectionFromDriver(AbstractDriverBasedDataSource.java:149)
	at org.springframework.jdbc.datasource.AbstractDriverBasedDataSource.getConnection(AbstractDriverBasedDataSource.java:119)
	at org.springframework.jdbc.datasource.DataSourceUtils.doGetConnection(DataSourceUtils.java:113)
	at org.springframework.jdbc.datasource.DataSourceUtils.getConnection(DataSourceUtils.java:79)
	... 40 more
Caused by: java.net.ConnectException: Connexion refusée
	at java.net.PlainSocketImpl.socketConnect(Native Method)
	at java.net.AbstractPlainSocketImpl.doConnect(AbstractPlainSocketImpl.java:345)
	at java.net.AbstractPlainSocketImpl.connectToAddress(AbstractPlainSocketImpl.java:206)
	at java.net.AbstractPlainSocketImpl.connect(AbstractPlainSocketImpl.java:188)
	at java.net.SocksSocketImpl.connect(SocksSocketImpl.java:392)
	at java.net.Socket.connect(Socket.java:589)
	at java.net.Socket.connect(Socket.java:538)
	at java.net.Socket.&lt;init&gt;(Socket.java:434)
	at java.net.Socket.&lt;init&gt;(Socket.java:211)
	at org.postgresql.core.PGStream.&lt;init&gt;(PGStream.java:62)
	at org.postgresql.core.v3.ConnectionFactoryImpl.openConnectionImpl(ConnectionFactoryImpl.java:76)
	... 56 more
</error>
    <system-out>Recuperation de la derniere version du sitemapMise à jour des stats BDD</system-out>
  </testcase>
</testsuite>